<?xml version="1.0" encoding="UTF-8"?>
<!-- Generated by org.testng.reporters.JUnitReportReporter -->
<testsuite skipped="0" hostname="Nandeesh" name="com.test.OrangeHRMTest" tests="3" failures="0" timestamp="2020-08-14T15:10:07 IST" time="148.509" errors="0">
  <testcase name="sampleCase" time="19.765" classname="com.test.OrangeHRMTest"/>
  <testcase name="LoginPageTest" time="35.678" classname="com.test.OrangeHRMTest"/>
  <testcase name="loginTest" time="93.066" classname="com.test.OrangeHRMTest"/>
</testsuite> <!-- com.test.OrangeHRMTest -->
